Running Sphinx v1.8.4
loading intersphinx inventory from https://docs.python.org/objects.inv...
intersphinx inventory has moved: https://docs.python.org/objects.inv -> https://docs.python.org/3/objects.inv
building [mo]: targets for 0 po files that are out of date
building [html]: targets for 6 source files that are out of date
updating environment: 6 added, 0 changed, 0 removed
reading sources... [ 16%] calibration                                          reading sources... [ 33%] eyetracking                                          reading sources... [ 50%] genindex                                             reading sources... [ 66%] index                                                reading sources... [ 83%] install                                              reading sources... [100%] pylink                                               
C:\Users\mdl-admin\Desktop\mdl-eyelink\mdl\eyetracking\calibration.py:docstring of mdl.eyetracking.calibration.calibration:19: WARNING: toctree references unknown document 'mdl.eyetracking.calibration.calibration.alert_printf'
C:\Users\mdl-admin\Desktop\mdl-eyelink\mdl\eyetracking\calibration.py:docstring of mdl.eyetracking.calibration.calibration:19: WARNING: toctree references unknown document 'mdl.eyetracking.calibration.calibration.draw_cross_hair'
C:\Users\mdl-admin\Desktop\mdl-eyelink\mdl\eyetracking\calibration.py:docstring of mdl.eyetracking.calibration.calibration:19: WARNING: toctree references unknown document 'mdl.eyetracking.calibration.calibration.draw_image_line'
C:\Users\mdl-admin\Desktop\mdl-eyelink\mdl\eyetracking\calibration.py:docstring of mdl.eyetracking.calibration.calibration:19: WARNING: toctree references unknown document 'mdl.eyetracking.calibration.calibration.draw_line'
C:\Users\mdl-admin\Desktop\mdl-eyelink\mdl\eyetracking\calibration.py:docstring of mdl.eyetracking.calibration.calibration:19: WARNING: toctree references unknown document 'mdl.eyetracking.calibration.calibration.erase_cal_target'
C:\Users\mdl-admin\Desktop\mdl-eyelink\mdl\eyetracking\calibration.py:docstring of mdl.eyetracking.calibration.calibration:19: WARNING: toctree references unknown document 'mdl.eyetracking.calibration.calibration.exit_image_display'
C:\Users\mdl-admin\Desktop\mdl-eyelink\mdl\eyetracking\calibration.py:docstring of mdl.eyetracking.calibration.calibration:19: WARNING: toctree references unknown document 'mdl.eyetracking.calibration.calibration.getColorFromIndex'
C:\Users\mdl-admin\Desktop\mdl-eyelink\mdl\eyetracking\calibration.py:docstring of mdl.eyetracking.calibration.calibration:19: WARNING: toctree references unknown document 'mdl.eyetracking.calibration.calibration.get_input_key'
C:\Users\mdl-admin\Desktop\mdl-eyelink\mdl\eyetracking\calibration.py:docstring of mdl.eyetracking.calibration.calibration:19: WARNING: toctree references unknown document 'mdl.eyetracking.calibration.calibration.get_mouse_state'
C:\Users\mdl-admin\Desktop\mdl-eyelink\mdl\eyetracking\calibration.py:docstring of mdl.eyetracking.calibration.calibration:19: WARNING: toctree references unknown document 'mdl.eyetracking.calibration.calibration.play_beep'
C:\Users\mdl-admin\Desktop\mdl-eyelink\mdl\eyetracking\calibration.py:docstring of mdl.eyetracking.calibration.calibration:19: WARNING: toctree references unknown document 'mdl.eyetracking.calibration.calibration.set_image_palette'
C:\Users\mdl-admin\Desktop\mdl-eyelink\mdl\eyetracking\calibration.py:docstring of mdl.eyetracking.calibration.calibration:19: WARNING: toctree references unknown document 'mdl.eyetracking.calibration.calibration.setup_image_display'
C:\Users\mdl-admin\Desktop\mdl-eyelink\mdl\eyetracking\eyetracking.py:docstring of mdl.eyetracking.run:20: WARNING: Enumerated list ends without a blank line; unexpected unindent.
C:\Users\mdl-admin\Desktop\mdl-eyelink\mdl\eyetracking\eyetracking.py:docstring of mdl.eyetracking.run:31: WARNING: toctree references unknown document 'mdl.eyetracking.run.calibration'
C:\Users\mdl-admin\Desktop\mdl-eyelink\mdl\eyetracking\eyetracking.py:docstring of mdl.eyetracking.run:31: WARNING: toctree references unknown document 'mdl.eyetracking.run.connect'
C:\Users\mdl-admin\Desktop\mdl-eyelink\mdl\eyetracking\eyetracking.py:docstring of mdl.eyetracking.run:31: WARNING: toctree references unknown document 'mdl.eyetracking.run.console'
C:\Users\mdl-admin\Desktop\mdl-eyelink\mdl\eyetracking\eyetracking.py:docstring of mdl.eyetracking.run:31: WARNING: toctree references unknown document 'mdl.eyetracking.run.drift_correction'
C:\Users\mdl-admin\Desktop\mdl-eyelink\mdl\eyetracking\eyetracking.py:docstring of mdl.eyetracking.run:31: WARNING: toctree references unknown document 'mdl.eyetracking.run.finish_recording'
C:\Users\mdl-admin\Desktop\mdl-eyelink\mdl\eyetracking\eyetracking.py:docstring of mdl.eyetracking.run:31: WARNING: toctree references unknown document 'mdl.eyetracking.run.gc'
C:\Users\mdl-admin\Desktop\mdl-eyelink\mdl\eyetracking\eyetracking.py:docstring of mdl.eyetracking.run:31: WARNING: toctree references unknown document 'mdl.eyetracking.run.library'
C:\Users\mdl-admin\Desktop\mdl-eyelink\mdl\eyetracking\eyetracking.py:docstring of mdl.eyetracking.run:31: WARNING: toctree references unknown document 'mdl.eyetracking.run.sample'
C:\Users\mdl-admin\Desktop\mdl-eyelink\mdl\eyetracking\eyetracking.py:docstring of mdl.eyetracking.run:31: WARNING: toctree references unknown document 'mdl.eyetracking.run.send_message'
C:\Users\mdl-admin\Desktop\mdl-eyelink\mdl\eyetracking\eyetracking.py:docstring of mdl.eyetracking.run:31: WARNING: toctree references unknown document 'mdl.eyetracking.run.send_variable'
C:\Users\mdl-admin\Desktop\mdl-eyelink\mdl\eyetracking\eyetracking.py:docstring of mdl.eyetracking.run:31: WARNING: toctree references unknown document 'mdl.eyetracking.run.set_eye_used'
C:\Users\mdl-admin\Desktop\mdl-eyelink\mdl\eyetracking\eyetracking.py:docstring of mdl.eyetracking.run:31: WARNING: toctree references unknown document 'mdl.eyetracking.run.start_recording'
C:\Users\mdl-admin\Desktop\mdl-eyelink\mdl\eyetracking\eyetracking.py:docstring of mdl.eyetracking.run:31: WARNING: toctree references unknown document 'mdl.eyetracking.run.stop_recording'
C:\Users\mdl-admin\Desktop\mdl-eyelink\mdl\eyetracking\calibration.py:docstring of mdl.eyetracking.calibration:1: WARNING: duplicate object description of mdl.eyetracking.calibration, other instance in C:\Users\mdl-admin\Desktop\mdl-eyelink\docs\source\calibration.rst, use :noindex: for one of them
C:\Users\mdl-admin\Desktop\mdl-eyelink\mdl\eyetracking\calibration.py:docstring of mdl.eyetracking.calibration:19: WARNING: failed to import alert_printf
C:\Users\mdl-admin\Desktop\mdl-eyelink\mdl\eyetracking\calibration.py:docstring of mdl.eyetracking.calibration:19: WARNING: failed to import draw_cross_hair
C:\Users\mdl-admin\Desktop\mdl-eyelink\mdl\eyetracking\calibration.py:docstring of mdl.eyetracking.calibration:19: WARNING: failed to import draw_image_line
C:\Users\mdl-admin\Desktop\mdl-eyelink\mdl\eyetracking\calibration.py:docstring of mdl.eyetracking.calibration:19: WARNING: failed to import draw_line
C:\Users\mdl-admin\Desktop\mdl-eyelink\mdl\eyetracking\calibration.py:docstring of mdl.eyetracking.calibration:19: WARNING: failed to import erase_cal_target
C:\Users\mdl-admin\Desktop\mdl-eyelink\mdl\eyetracking\calibration.py:docstring of mdl.eyetracking.calibration:19: WARNING: failed to import exit_image_display
C:\Users\mdl-admin\Desktop\mdl-eyelink\mdl\eyetracking\calibration.py:docstring of mdl.eyetracking.calibration:19: WARNING: failed to import getColorFromIndex
C:\Users\mdl-admin\Desktop\mdl-eyelink\mdl\eyetracking\calibration.py:docstring of mdl.eyetracking.calibration:19: WARNING: failed to import get_input_key
C:\Users\mdl-admin\Desktop\mdl-eyelink\mdl\eyetracking\calibration.py:docstring of mdl.eyetracking.calibration:19: WARNING: failed to import get_mouse_state
C:\Users\mdl-admin\Desktop\mdl-eyelink\mdl\eyetracking\calibration.py:docstring of mdl.eyetracking.calibration:19: WARNING: failed to import play_beep
C:\Users\mdl-admin\Desktop\mdl-eyelink\mdl\eyetracking\calibration.py:docstring of mdl.eyetracking.calibration:19: WARNING: failed to import set_image_palette
C:\Users\mdl-admin\Desktop\mdl-eyelink\mdl\eyetracking\calibration.py:docstring of mdl.eyetracking.calibration:19: WARNING: failed to import setup_image_display
C:\Users\mdl-admin\Desktop\mdl-eyelink\mdl\eyetracking\calibration.py:docstring of mdl.eyetracking.calibration:19: WARNING: toctree references unknown document 'alert_printf'
C:\Users\mdl-admin\Desktop\mdl-eyelink\mdl\eyetracking\calibration.py:docstring of mdl.eyetracking.calibration:19: WARNING: toctree references unknown document 'draw_cross_hair'
C:\Users\mdl-admin\Desktop\mdl-eyelink\mdl\eyetracking\calibration.py:docstring of mdl.eyetracking.calibration:19: WARNING: toctree references unknown document 'draw_image_line'
C:\Users\mdl-admin\Desktop\mdl-eyelink\mdl\eyetracking\calibration.py:docstring of mdl.eyetracking.calibration:19: WARNING: toctree references unknown document 'draw_line'
C:\Users\mdl-admin\Desktop\mdl-eyelink\mdl\eyetracking\calibration.py:docstring of mdl.eyetracking.calibration:19: WARNING: toctree references unknown document 'erase_cal_target'
C:\Users\mdl-admin\Desktop\mdl-eyelink\mdl\eyetracking\calibration.py:docstring of mdl.eyetracking.calibration:19: WARNING: toctree references unknown document 'exit_image_display'
C:\Users\mdl-admin\Desktop\mdl-eyelink\mdl\eyetracking\calibration.py:docstring of mdl.eyetracking.calibration:19: WARNING: toctree references unknown document 'getColorFromIndex'
C:\Users\mdl-admin\Desktop\mdl-eyelink\mdl\eyetracking\calibration.py:docstring of mdl.eyetracking.calibration:19: WARNING: toctree references unknown document 'get_input_key'
C:\Users\mdl-admin\Desktop\mdl-eyelink\mdl\eyetracking\calibration.py:docstring of mdl.eyetracking.calibration:19: WARNING: toctree references unknown document 'get_mouse_state'
C:\Users\mdl-admin\Desktop\mdl-eyelink\mdl\eyetracking\calibration.py:docstring of mdl.eyetracking.calibration:19: WARNING: toctree references unknown document 'play_beep'
C:\Users\mdl-admin\Desktop\mdl-eyelink\mdl\eyetracking\calibration.py:docstring of mdl.eyetracking.calibration:19: WARNING: toctree references unknown document 'set_image_palette'
C:\Users\mdl-admin\Desktop\mdl-eyelink\mdl\eyetracking\calibration.py:docstring of mdl.eyetracking.calibration:19: WARNING: toctree references unknown document 'setup_image_display'
C:\Users\mdl-admin\Desktop\mdl-eyelink\docs\source\index.rst:51: WARNING: toctree contains reference to nonexisting document 'example'
WARNING: autodoc: failed to import module 'pylink' from module 'mdl.eyetracking.win.pylink'; the following exception was raised:
No module named 'mdl.eyetracking.win.pylink.pylink'
looking for now-outdated files... none found
pickling environment... done
checking consistency... C:\Users\mdl-admin\Desktop\mdl-eyelink\docs\source\genindex.rst: WARNING: document isn't included in any toctree
done
preparing documents... done
writing output... [ 16%] calibration                                           writing output... [ 33%] eyetracking                                           writing output... [ 50%] genindex                                              writing output... [ 66%] index                                                 writing output... [ 83%] install                                               writing output... [100%] pylink                                                
C:\Users\mdl-admin\Desktop\mdl-eyelink\mdl\eyetracking\calibration.py:docstring of mdl.eyetracking.calibration.calibration:35:<autosummary>:: WARNING: toctree contains reference to nonexisting document 'mdl.eyetracking.calibration.calibration.alert_printf'
C:\Users\mdl-admin\Desktop\mdl-eyelink\mdl\eyetracking\calibration.py:docstring of mdl.eyetracking.calibration.calibration:35:<autosummary>:: WARNING: toctree contains reference to nonexisting document 'mdl.eyetracking.calibration.calibration.draw_cross_hair'
C:\Users\mdl-admin\Desktop\mdl-eyelink\mdl\eyetracking\calibration.py:docstring of mdl.eyetracking.calibration.calibration:35:<autosummary>:: WARNING: toctree contains reference to nonexisting document 'mdl.eyetracking.calibration.calibration.draw_image_line'
C:\Users\mdl-admin\Desktop\mdl-eyelink\mdl\eyetracking\calibration.py:docstring of mdl.eyetracking.calibration.calibration:35:<autosummary>:: WARNING: toctree contains reference to nonexisting document 'mdl.eyetracking.calibration.calibration.draw_line'
C:\Users\mdl-admin\Desktop\mdl-eyelink\mdl\eyetracking\calibration.py:docstring of mdl.eyetracking.calibration.calibration:35:<autosummary>:: WARNING: toctree contains reference to nonexisting document 'mdl.eyetracking.calibration.calibration.erase_cal_target'
C:\Users\mdl-admin\Desktop\mdl-eyelink\mdl\eyetracking\calibration.py:docstring of mdl.eyetracking.calibration.calibration:35:<autosummary>:: WARNING: toctree contains reference to nonexisting document 'mdl.eyetracking.calibration.calibration.exit_image_display'
C:\Users\mdl-admin\Desktop\mdl-eyelink\mdl\eyetracking\calibration.py:docstring of mdl.eyetracking.calibration.calibration:35:<autosummary>:: WARNING: toctree contains reference to nonexisting document 'mdl.eyetracking.calibration.calibration.getColorFromIndex'
C:\Users\mdl-admin\Desktop\mdl-eyelink\mdl\eyetracking\calibration.py:docstring of mdl.eyetracking.calibration.calibration:35:<autosummary>:: WARNING: toctree contains reference to nonexisting document 'mdl.eyetracking.calibration.calibration.get_input_key'
C:\Users\mdl-admin\Desktop\mdl-eyelink\mdl\eyetracking\calibration.py:docstring of mdl.eyetracking.calibration.calibration:35:<autosummary>:: WARNING: toctree contains reference to nonexisting document 'mdl.eyetracking.calibration.calibration.get_mouse_state'
C:\Users\mdl-admin\Desktop\mdl-eyelink\mdl\eyetracking\calibration.py:docstring of mdl.eyetracking.calibration.calibration:35:<autosummary>:: WARNING: toctree contains reference to nonexisting document 'mdl.eyetracking.calibration.calibration.play_beep'
C:\Users\mdl-admin\Desktop\mdl-eyelink\mdl\eyetracking\calibration.py:docstring of mdl.eyetracking.calibration.calibration:35:<autosummary>:: WARNING: toctree contains reference to nonexisting document 'mdl.eyetracking.calibration.calibration.set_image_palette'
C:\Users\mdl-admin\Desktop\mdl-eyelink\mdl\eyetracking\calibration.py:docstring of mdl.eyetracking.calibration.calibration:35:<autosummary>:: WARNING: toctree contains reference to nonexisting document 'mdl.eyetracking.calibration.calibration.setup_image_display'
b'<partial node>':: WARNING: toctree contains reference to nonexisting document 'mdl.eyetracking.run.calibration'
b'<partial node>':: WARNING: toctree contains reference to nonexisting document 'mdl.eyetracking.run.connect'
b'<partial node>':: WARNING: toctree contains reference to nonexisting document 'mdl.eyetracking.run.console'
b'<partial node>':: WARNING: toctree contains reference to nonexisting document 'mdl.eyetracking.run.drift_correction'
b'<partial node>':: WARNING: toctree contains reference to nonexisting document 'mdl.eyetracking.run.finish_recording'
b'<partial node>':: WARNING: toctree contains reference to nonexisting document 'mdl.eyetracking.run.gc'
b'<partial node>':: WARNING: toctree contains reference to nonexisting document 'mdl.eyetracking.run.library'
b'<partial node>':: WARNING: toctree contains reference to nonexisting document 'mdl.eyetracking.run.sample'
b'<partial node>':: WARNING: toctree contains reference to nonexisting document 'mdl.eyetracking.run.send_message'
b'<partial node>':: WARNING: toctree contains reference to nonexisting document 'mdl.eyetracking.run.send_variable'
b'<partial node>':: WARNING: toctree contains reference to nonexisting document 'mdl.eyetracking.run.set_eye_used'
b'<partial node>':: WARNING: toctree contains reference to nonexisting document 'mdl.eyetracking.run.start_recording'
b'<partial node>':: WARNING: toctree contains reference to nonexisting document 'mdl.eyetracking.run.stop_recording'
b'<partial node>':: WARNING: toctree contains reference to nonexisting document 'alert_printf'
b'<partial node>':: WARNING: toctree contains reference to nonexisting document 'draw_cross_hair'
b'<partial node>':: WARNING: toctree contains reference to nonexisting document 'draw_image_line'
b'<partial node>':: WARNING: toctree contains reference to nonexisting document 'draw_line'
b'<partial node>':: WARNING: toctree contains reference to nonexisting document 'erase_cal_target'
b'<partial node>':: WARNING: toctree contains reference to nonexisting document 'exit_image_display'
b'<partial node>':: WARNING: toctree contains reference to nonexisting document 'getColorFromIndex'
b'<partial node>':: WARNING: toctree contains reference to nonexisting document 'get_input_key'
b'<partial node>':: WARNING: toctree contains reference to nonexisting document 'get_mouse_state'
b'<partial node>':: WARNING: toctree contains reference to nonexisting document 'play_beep'
b'<partial node>':: WARNING: toctree contains reference to nonexisting document 'set_image_palette'
b'<partial node>':: WARNING: toctree contains reference to nonexisting document 'setup_image_display'
b'<partial node>':: WARNING: toctree contains reference to nonexisting document 'mdl.eyetracking.calibration.calibration.alert_printf'
b'<partial node>':: WARNING: toctree contains reference to nonexisting document 'mdl.eyetracking.calibration.calibration.draw_cross_hair'
b'<partial node>':: WARNING: toctree contains reference to nonexisting document 'mdl.eyetracking.calibration.calibration.draw_image_line'
b'<partial node>':: WARNING: toctree contains reference to nonexisting document 'mdl.eyetracking.calibration.calibration.draw_line'
b'<partial node>':: WARNING: toctree contains reference to nonexisting document 'mdl.eyetracking.calibration.calibration.erase_cal_target'
b'<partial node>':: WARNING: toctree contains reference to nonexisting document 'mdl.eyetracking.calibration.calibration.exit_image_display'
b'<partial node>':: WARNING: toctree contains reference to nonexisting document 'mdl.eyetracking.calibration.calibration.getColorFromIndex'
b'<partial node>':: WARNING: toctree contains reference to nonexisting document 'mdl.eyetracking.calibration.calibration.get_input_key'
b'<partial node>':: WARNING: toctree contains reference to nonexisting document 'mdl.eyetracking.calibration.calibration.get_mouse_state'
b'<partial node>':: WARNING: toctree contains reference to nonexisting document 'mdl.eyetracking.calibration.calibration.play_beep'
b'<partial node>':: WARNING: toctree contains reference to nonexisting document 'mdl.eyetracking.calibration.calibration.set_image_palette'
b'<partial node>':: WARNING: toctree contains reference to nonexisting document 'mdl.eyetracking.calibration.calibration.setup_image_display'
C:\Users\mdl-admin\Desktop\mdl-eyelink\mdl\eyetracking\eyetracking.py:docstring of mdl.eyetracking.run:47:<autosummary>:: WARNING: toctree contains reference to nonexisting document 'mdl.eyetracking.run.calibration'
C:\Users\mdl-admin\Desktop\mdl-eyelink\mdl\eyetracking\eyetracking.py:docstring of mdl.eyetracking.run:47:<autosummary>:: WARNING: toctree contains reference to nonexisting document 'mdl.eyetracking.run.connect'
C:\Users\mdl-admin\Desktop\mdl-eyelink\mdl\eyetracking\eyetracking.py:docstring of mdl.eyetracking.run:47:<autosummary>:: WARNING: toctree contains reference to nonexisting document 'mdl.eyetracking.run.console'
C:\Users\mdl-admin\Desktop\mdl-eyelink\mdl\eyetracking\eyetracking.py:docstring of mdl.eyetracking.run:47:<autosummary>:: WARNING: toctree contains reference to nonexisting document 'mdl.eyetracking.run.drift_correction'
C:\Users\mdl-admin\Desktop\mdl-eyelink\mdl\eyetracking\eyetracking.py:docstring of mdl.eyetracking.run:47:<autosummary>:: WARNING: toctree contains reference to nonexisting document 'mdl.eyetracking.run.finish_recording'
C:\Users\mdl-admin\Desktop\mdl-eyelink\mdl\eyetracking\eyetracking.py:docstring of mdl.eyetracking.run:47:<autosummary>:: WARNING: toctree contains reference to nonexisting document 'mdl.eyetracking.run.gc'
C:\Users\mdl-admin\Desktop\mdl-eyelink\mdl\eyetracking\eyetracking.py:docstring of mdl.eyetracking.run:47:<autosummary>:: WARNING: toctree contains reference to nonexisting document 'mdl.eyetracking.run.library'
C:\Users\mdl-admin\Desktop\mdl-eyelink\mdl\eyetracking\eyetracking.py:docstring of mdl.eyetracking.run:47:<autosummary>:: WARNING: toctree contains reference to nonexisting document 'mdl.eyetracking.run.sample'
C:\Users\mdl-admin\Desktop\mdl-eyelink\mdl\eyetracking\eyetracking.py:docstring of mdl.eyetracking.run:47:<autosummary>:: WARNING: toctree contains reference to nonexisting document 'mdl.eyetracking.run.send_message'
C:\Users\mdl-admin\Desktop\mdl-eyelink\mdl\eyetracking\eyetracking.py:docstring of mdl.eyetracking.run:47:<autosummary>:: WARNING: toctree contains reference to nonexisting document 'mdl.eyetracking.run.send_variable'
C:\Users\mdl-admin\Desktop\mdl-eyelink\mdl\eyetracking\eyetracking.py:docstring of mdl.eyetracking.run:47:<autosummary>:: WARNING: toctree contains reference to nonexisting document 'mdl.eyetracking.run.set_eye_used'
C:\Users\mdl-admin\Desktop\mdl-eyelink\mdl\eyetracking\eyetracking.py:docstring of mdl.eyetracking.run:47:<autosummary>:: WARNING: toctree contains reference to nonexisting document 'mdl.eyetracking.run.start_recording'
C:\Users\mdl-admin\Desktop\mdl-eyelink\mdl\eyetracking\eyetracking.py:docstring of mdl.eyetracking.run:47:<autosummary>:: WARNING: toctree contains reference to nonexisting document 'mdl.eyetracking.run.stop_recording'
C:\Users\mdl-admin\Desktop\mdl-eyelink\mdl\eyetracking\calibration.py:docstring of mdl.eyetracking.calibration:35:<autosummary>:: WARNING: toctree contains reference to nonexisting document 'alert_printf'
C:\Users\mdl-admin\Desktop\mdl-eyelink\mdl\eyetracking\calibration.py:docstring of mdl.eyetracking.calibration:35:<autosummary>:: WARNING: toctree contains reference to nonexisting document 'draw_cross_hair'
C:\Users\mdl-admin\Desktop\mdl-eyelink\mdl\eyetracking\calibration.py:docstring of mdl.eyetracking.calibration:35:<autosummary>:: WARNING: toctree contains reference to nonexisting document 'draw_image_line'
C:\Users\mdl-admin\Desktop\mdl-eyelink\mdl\eyetracking\calibration.py:docstring of mdl.eyetracking.calibration:35:<autosummary>:: WARNING: toctree contains reference to nonexisting document 'draw_line'
C:\Users\mdl-admin\Desktop\mdl-eyelink\mdl\eyetracking\calibration.py:docstring of mdl.eyetracking.calibration:35:<autosummary>:: WARNING: toctree contains reference to nonexisting document 'erase_cal_target'
C:\Users\mdl-admin\Desktop\mdl-eyelink\mdl\eyetracking\calibration.py:docstring of mdl.eyetracking.calibration:35:<autosummary>:: WARNING: toctree contains reference to nonexisting document 'exit_image_display'
C:\Users\mdl-admin\Desktop\mdl-eyelink\mdl\eyetracking\calibration.py:docstring of mdl.eyetracking.calibration:35:<autosummary>:: WARNING: toctree contains reference to nonexisting document 'getColorFromIndex'
C:\Users\mdl-admin\Desktop\mdl-eyelink\mdl\eyetracking\calibration.py:docstring of mdl.eyetracking.calibration:35:<autosummary>:: WARNING: toctree contains reference to nonexisting document 'get_input_key'
C:\Users\mdl-admin\Desktop\mdl-eyelink\mdl\eyetracking\calibration.py:docstring of mdl.eyetracking.calibration:35:<autosummary>:: WARNING: toctree contains reference to nonexisting document 'get_mouse_state'
C:\Users\mdl-admin\Desktop\mdl-eyelink\mdl\eyetracking\calibration.py:docstring of mdl.eyetracking.calibration:35:<autosummary>:: WARNING: toctree contains reference to nonexisting document 'play_beep'
C:\Users\mdl-admin\Desktop\mdl-eyelink\mdl\eyetracking\calibration.py:docstring of mdl.eyetracking.calibration:35:<autosummary>:: WARNING: toctree contains reference to nonexisting document 'set_image_palette'
C:\Users\mdl-admin\Desktop\mdl-eyelink\mdl\eyetracking\calibration.py:docstring of mdl.eyetracking.calibration:35:<autosummary>:: WARNING: toctree contains reference to nonexisting document 'setup_image_display'
b'<partial node>':: WARNING: toctree contains reference to nonexisting document 'mdl.eyetracking.run.calibration'
b'<partial node>':: WARNING: toctree contains reference to nonexisting document 'mdl.eyetracking.run.connect'
b'<partial node>':: WARNING: toctree contains reference to nonexisting document 'mdl.eyetracking.run.console'
b'<partial node>':: WARNING: toctree contains reference to nonexisting document 'mdl.eyetracking.run.drift_correction'
b'<partial node>':: WARNING: toctree contains reference to nonexisting document 'mdl.eyetracking.run.finish_recording'
b'<partial node>':: WARNING: toctree contains reference to nonexisting document 'mdl.eyetracking.run.gc'
b'<partial node>':: WARNING: toctree contains reference to nonexisting document 'mdl.eyetracking.run.library'
b'<partial node>':: WARNING: toctree contains reference to nonexisting document 'mdl.eyetracking.run.sample'
b'<partial node>':: WARNING: toctree contains reference to nonexisting document 'mdl.eyetracking.run.send_message'
b'<partial node>':: WARNING: toctree contains reference to nonexisting document 'mdl.eyetracking.run.send_variable'
b'<partial node>':: WARNING: toctree contains reference to nonexisting document 'mdl.eyetracking.run.set_eye_used'
b'<partial node>':: WARNING: toctree contains reference to nonexisting document 'mdl.eyetracking.run.start_recording'
b'<partial node>':: WARNING: toctree contains reference to nonexisting document 'mdl.eyetracking.run.stop_recording'
b'<partial node>':: WARNING: toctree contains reference to nonexisting document 'alert_printf'
b'<partial node>':: WARNING: toctree contains reference to nonexisting document 'draw_cross_hair'
b'<partial node>':: WARNING: toctree contains reference to nonexisting document 'draw_image_line'
b'<partial node>':: WARNING: toctree contains reference to nonexisting document 'draw_line'
b'<partial node>':: WARNING: toctree contains reference to nonexisting document 'erase_cal_target'
b'<partial node>':: WARNING: toctree contains reference to nonexisting document 'exit_image_display'
b'<partial node>':: WARNING: toctree contains reference to nonexisting document 'getColorFromIndex'
b'<partial node>':: WARNING: toctree contains reference to nonexisting document 'get_input_key'
b'<partial node>':: WARNING: toctree contains reference to nonexisting document 'get_mouse_state'
b'<partial node>':: WARNING: toctree contains reference to nonexisting document 'play_beep'
b'<partial node>':: WARNING: toctree contains reference to nonexisting document 'set_image_palette'
b'<partial node>':: WARNING: toctree contains reference to nonexisting document 'setup_image_display'
b'<partial node>':: WARNING: toctree contains reference to nonexisting document 'mdl.eyetracking.calibration.calibration.alert_printf'
b'<partial node>':: WARNING: toctree contains reference to nonexisting document 'mdl.eyetracking.calibration.calibration.draw_cross_hair'
b'<partial node>':: WARNING: toctree contains reference to nonexisting document 'mdl.eyetracking.calibration.calibration.draw_image_line'
b'<partial node>':: WARNING: toctree contains reference to nonexisting document 'mdl.eyetracking.calibration.calibration.draw_line'
b'<partial node>':: WARNING: toctree contains reference to nonexisting document 'mdl.eyetracking.calibration.calibration.erase_cal_target'
b'<partial node>':: WARNING: toctree contains reference to nonexisting document 'mdl.eyetracking.calibration.calibration.exit_image_display'
b'<partial node>':: WARNING: toctree contains reference to nonexisting document 'mdl.eyetracking.calibration.calibration.getColorFromIndex'
b'<partial node>':: WARNING: toctree contains reference to nonexisting document 'mdl.eyetracking.calibration.calibration.get_input_key'
b'<partial node>':: WARNING: toctree contains reference to nonexisting document 'mdl.eyetracking.calibration.calibration.get_mouse_state'
b'<partial node>':: WARNING: toctree contains reference to nonexisting document 'mdl.eyetracking.calibration.calibration.play_beep'
b'<partial node>':: WARNING: toctree contains reference to nonexisting document 'mdl.eyetracking.calibration.calibration.set_image_palette'
b'<partial node>':: WARNING: toctree contains reference to nonexisting document 'mdl.eyetracking.calibration.calibration.setup_image_display'
b'<partial node>':: WARNING: toctree contains reference to nonexisting document 'mdl.eyetracking.run.calibration'
b'<partial node>':: WARNING: toctree contains reference to nonexisting document 'mdl.eyetracking.run.connect'
b'<partial node>':: WARNING: toctree contains reference to nonexisting document 'mdl.eyetracking.run.console'
b'<partial node>':: WARNING: toctree contains reference to nonexisting document 'mdl.eyetracking.run.drift_correction'
b'<partial node>':: WARNING: toctree contains reference to nonexisting document 'mdl.eyetracking.run.finish_recording'
b'<partial node>':: WARNING: toctree contains reference to nonexisting document 'mdl.eyetracking.run.gc'
b'<partial node>':: WARNING: toctree contains reference to nonexisting document 'mdl.eyetracking.run.library'
b'<partial node>':: WARNING: toctree contains reference to nonexisting document 'mdl.eyetracking.run.sample'
b'<partial node>':: WARNING: toctree contains reference to nonexisting document 'mdl.eyetracking.run.send_message'
b'<partial node>':: WARNING: toctree contains reference to nonexisting document 'mdl.eyetracking.run.send_variable'
b'<partial node>':: WARNING: toctree contains reference to nonexisting document 'mdl.eyetracking.run.set_eye_used'
b'<partial node>':: WARNING: toctree contains reference to nonexisting document 'mdl.eyetracking.run.start_recording'
b'<partial node>':: WARNING: toctree contains reference to nonexisting document 'mdl.eyetracking.run.stop_recording'
b'<partial node>':: WARNING: toctree contains reference to nonexisting document 'alert_printf'
b'<partial node>':: WARNING: toctree contains reference to nonexisting document 'draw_cross_hair'
b'<partial node>':: WARNING: toctree contains reference to nonexisting document 'draw_image_line'
b'<partial node>':: WARNING: toctree contains reference to nonexisting document 'draw_line'
b'<partial node>':: WARNING: toctree contains reference to nonexisting document 'erase_cal_target'
b'<partial node>':: WARNING: toctree contains reference to nonexisting document 'exit_image_display'
b'<partial node>':: WARNING: toctree contains reference to nonexisting document 'getColorFromIndex'
b'<partial node>':: WARNING: toctree contains reference to nonexisting document 'get_input_key'
b'<partial node>':: WARNING: toctree contains reference to nonexisting document 'get_mouse_state'
b'<partial node>':: WARNING: toctree contains reference to nonexisting document 'play_beep'
b'<partial node>':: WARNING: toctree contains reference to nonexisting document 'set_image_palette'
b'<partial node>':: WARNING: toctree contains reference to nonexisting document 'setup_image_display'
b'<partial node>':: WARNING: toctree contains reference to nonexisting document 'mdl.eyetracking.calibration.calibration.alert_printf'
b'<partial node>':: WARNING: toctree contains reference to nonexisting document 'mdl.eyetracking.calibration.calibration.draw_cross_hair'
b'<partial node>':: WARNING: toctree contains reference to nonexisting document 'mdl.eyetracking.calibration.calibration.draw_image_line'
b'<partial node>':: WARNING: toctree contains reference to nonexisting document 'mdl.eyetracking.calibration.calibration.draw_line'
b'<partial node>':: WARNING: toctree contains reference to nonexisting document 'mdl.eyetracking.calibration.calibration.erase_cal_target'
b'<partial node>':: WARNING: toctree contains reference to nonexisting document 'mdl.eyetracking.calibration.calibration.exit_image_display'
b'<partial node>':: WARNING: toctree contains reference to nonexisting document 'mdl.eyetracking.calibration.calibration.getColorFromIndex'
b'<partial node>':: WARNING: toctree contains reference to nonexisting document 'mdl.eyetracking.calibration.calibration.get_input_key'
b'<partial node>':: WARNING: toctree contains reference to nonexisting document 'mdl.eyetracking.calibration.calibration.get_mouse_state'
b'<partial node>':: WARNING: toctree contains reference to nonexisting document 'mdl.eyetracking.calibration.calibration.play_beep'
b'<partial node>':: WARNING: toctree contains reference to nonexisting document 'mdl.eyetracking.calibration.calibration.set_image_palette'
b'<partial node>':: WARNING: toctree contains reference to nonexisting document 'mdl.eyetracking.calibration.calibration.setup_image_display'
C:\Users\mdl-admin\Desktop\mdl-eyelink\docs\source\index.rst:42: WARNING: undefined label: install (if the link has no caption the label must precede a section header)
C:\Users\mdl-admin\Desktop\mdl-eyelink\docs\source\index.rst:42: WARNING: undefined label: example (if the link has no caption the label must precede a section header)
C:\Users\mdl-admin\Desktop\mdl-eyelink\docs\source\index.rst:42: WARNING: undefined label: tutorial (if the link has no caption the label must precede a section header)
C:\Users\mdl-admin\Desktop\mdl-eyelink\docs\source\index.rst:42: WARNING: undefined label: index (if the link has no caption the label must precede a section header)
b'<partial node>':: WARNING: toctree contains reference to nonexisting document 'mdl.eyetracking.run.calibration'
b'<partial node>':: WARNING: toctree contains reference to nonexisting document 'mdl.eyetracking.run.connect'
b'<partial node>':: WARNING: toctree contains reference to nonexisting document 'mdl.eyetracking.run.console'
b'<partial node>':: WARNING: toctree contains reference to nonexisting document 'mdl.eyetracking.run.drift_correction'
b'<partial node>':: WARNING: toctree contains reference to nonexisting document 'mdl.eyetracking.run.finish_recording'
b'<partial node>':: WARNING: toctree contains reference to nonexisting document 'mdl.eyetracking.run.gc'
b'<partial node>':: WARNING: toctree contains reference to nonexisting document 'mdl.eyetracking.run.library'
b'<partial node>':: WARNING: toctree contains reference to nonexisting document 'mdl.eyetracking.run.sample'
b'<partial node>':: WARNING: toctree contains reference to nonexisting document 'mdl.eyetracking.run.send_message'
b'<partial node>':: WARNING: toctree contains reference to nonexisting document 'mdl.eyetracking.run.send_variable'
b'<partial node>':: WARNING: toctree contains reference to nonexisting document 'mdl.eyetracking.run.set_eye_used'
b'<partial node>':: WARNING: toctree contains reference to nonexisting document 'mdl.eyetracking.run.start_recording'
b'<partial node>':: WARNING: toctree contains reference to nonexisting document 'mdl.eyetracking.run.stop_recording'
b'<partial node>':: WARNING: toctree contains reference to nonexisting document 'alert_printf'
b'<partial node>':: WARNING: toctree contains reference to nonexisting document 'draw_cross_hair'
b'<partial node>':: WARNING: toctree contains reference to nonexisting document 'draw_image_line'
b'<partial node>':: WARNING: toctree contains reference to nonexisting document 'draw_line'
b'<partial node>':: WARNING: toctree contains reference to nonexisting document 'erase_cal_target'
b'<partial node>':: WARNING: toctree contains reference to nonexisting document 'exit_image_display'
b'<partial node>':: WARNING: toctree contains reference to nonexisting document 'getColorFromIndex'
b'<partial node>':: WARNING: toctree contains reference to nonexisting document 'get_input_key'
b'<partial node>':: WARNING: toctree contains reference to nonexisting document 'get_mouse_state'
b'<partial node>':: WARNING: toctree contains reference to nonexisting document 'play_beep'
b'<partial node>':: WARNING: toctree contains reference to nonexisting document 'set_image_palette'
b'<partial node>':: WARNING: toctree contains reference to nonexisting document 'setup_image_display'
b'<partial node>':: WARNING: toctree contains reference to nonexisting document 'mdl.eyetracking.calibration.calibration.alert_printf'
b'<partial node>':: WARNING: toctree contains reference to nonexisting document 'mdl.eyetracking.calibration.calibration.draw_cross_hair'
b'<partial node>':: WARNING: toctree contains reference to nonexisting document 'mdl.eyetracking.calibration.calibration.draw_image_line'
b'<partial node>':: WARNING: toctree contains reference to nonexisting document 'mdl.eyetracking.calibration.calibration.draw_line'
b'<partial node>':: WARNING: toctree contains reference to nonexisting document 'mdl.eyetracking.calibration.calibration.erase_cal_target'
b'<partial node>':: WARNING: toctree contains reference to nonexisting document 'mdl.eyetracking.calibration.calibration.exit_image_display'
b'<partial node>':: WARNING: toctree contains reference to nonexisting document 'mdl.eyetracking.calibration.calibration.getColorFromIndex'
b'<partial node>':: WARNING: toctree contains reference to nonexisting document 'mdl.eyetracking.calibration.calibration.get_input_key'
b'<partial node>':: WARNING: toctree contains reference to nonexisting document 'mdl.eyetracking.calibration.calibration.get_mouse_state'
b'<partial node>':: WARNING: toctree contains reference to nonexisting document 'mdl.eyetracking.calibration.calibration.play_beep'
b'<partial node>':: WARNING: toctree contains reference to nonexisting document 'mdl.eyetracking.calibration.calibration.set_image_palette'
b'<partial node>':: WARNING: toctree contains reference to nonexisting document 'mdl.eyetracking.calibration.calibration.setup_image_display'
b'<partial node>':: WARNING: toctree contains reference to nonexisting document 'mdl.eyetracking.run.calibration'
b'<partial node>':: WARNING: toctree contains reference to nonexisting document 'mdl.eyetracking.run.connect'
b'<partial node>':: WARNING: toctree contains reference to nonexisting document 'mdl.eyetracking.run.console'
b'<partial node>':: WARNING: toctree contains reference to nonexisting document 'mdl.eyetracking.run.drift_correction'
b'<partial node>':: WARNING: toctree contains reference to nonexisting document 'mdl.eyetracking.run.finish_recording'
b'<partial node>':: WARNING: toctree contains reference to nonexisting document 'mdl.eyetracking.run.gc'
b'<partial node>':: WARNING: toctree contains reference to nonexisting document 'mdl.eyetracking.run.library'
b'<partial node>':: WARNING: toctree contains reference to nonexisting document 'mdl.eyetracking.run.sample'
b'<partial node>':: WARNING: toctree contains reference to nonexisting document 'mdl.eyetracking.run.send_message'
b'<partial node>':: WARNING: toctree contains reference to nonexisting document 'mdl.eyetracking.run.send_variable'
b'<partial node>':: WARNING: toctree contains reference to nonexisting document 'mdl.eyetracking.run.set_eye_used'
b'<partial node>':: WARNING: toctree contains reference to nonexisting document 'mdl.eyetracking.run.start_recording'
b'<partial node>':: WARNING: toctree contains reference to nonexisting document 'mdl.eyetracking.run.stop_recording'
b'<partial node>':: WARNING: toctree contains reference to nonexisting document 'alert_printf'
b'<partial node>':: WARNING: toctree contains reference to nonexisting document 'draw_cross_hair'
b'<partial node>':: WARNING: toctree contains reference to nonexisting document 'draw_image_line'
b'<partial node>':: WARNING: toctree contains reference to nonexisting document 'draw_line'
b'<partial node>':: WARNING: toctree contains reference to nonexisting document 'erase_cal_target'
b'<partial node>':: WARNING: toctree contains reference to nonexisting document 'exit_image_display'
b'<partial node>':: WARNING: toctree contains reference to nonexisting document 'getColorFromIndex'
b'<partial node>':: WARNING: toctree contains reference to nonexisting document 'get_input_key'
b'<partial node>':: WARNING: toctree contains reference to nonexisting document 'get_mouse_state'
b'<partial node>':: WARNING: toctree contains reference to nonexisting document 'play_beep'
b'<partial node>':: WARNING: toctree contains reference to nonexisting document 'set_image_palette'
b'<partial node>':: WARNING: toctree contains reference to nonexisting document 'setup_image_display'
b'<partial node>':: WARNING: toctree contains reference to nonexisting document 'mdl.eyetracking.calibration.calibration.alert_printf'
b'<partial node>':: WARNING: toctree contains reference to nonexisting document 'mdl.eyetracking.calibration.calibration.draw_cross_hair'
b'<partial node>':: WARNING: toctree contains reference to nonexisting document 'mdl.eyetracking.calibration.calibration.draw_image_line'
b'<partial node>':: WARNING: toctree contains reference to nonexisting document 'mdl.eyetracking.calibration.calibration.draw_line'
b'<partial node>':: WARNING: toctree contains reference to nonexisting document 'mdl.eyetracking.calibration.calibration.erase_cal_target'
b'<partial node>':: WARNING: toctree contains reference to nonexisting document 'mdl.eyetracking.calibration.calibration.exit_image_display'
b'<partial node>':: WARNING: toctree contains reference to nonexisting document 'mdl.eyetracking.calibration.calibration.getColorFromIndex'
b'<partial node>':: WARNING: toctree contains reference to nonexisting document 'mdl.eyetracking.calibration.calibration.get_input_key'
b'<partial node>':: WARNING: toctree contains reference to nonexisting document 'mdl.eyetracking.calibration.calibration.get_mouse_state'
b'<partial node>':: WARNING: toctree contains reference to nonexisting document 'mdl.eyetracking.calibration.calibration.play_beep'
b'<partial node>':: WARNING: toctree contains reference to nonexisting document 'mdl.eyetracking.calibration.calibration.set_image_palette'
b'<partial node>':: WARNING: toctree contains reference to nonexisting document 'mdl.eyetracking.calibration.calibration.setup_image_display'
b'<partial node>':: WARNING: toctree contains reference to nonexisting document 'mdl.eyetracking.run.calibration'
b'<partial node>':: WARNING: toctree contains reference to nonexisting document 'mdl.eyetracking.run.connect'
b'<partial node>':: WARNING: toctree contains reference to nonexisting document 'mdl.eyetracking.run.console'
b'<partial node>':: WARNING: toctree contains reference to nonexisting document 'mdl.eyetracking.run.drift_correction'
b'<partial node>':: WARNING: toctree contains reference to nonexisting document 'mdl.eyetracking.run.finish_recording'
b'<partial node>':: WARNING: toctree contains reference to nonexisting document 'mdl.eyetracking.run.gc'
b'<partial node>':: WARNING: toctree contains reference to nonexisting document 'mdl.eyetracking.run.library'
b'<partial node>':: WARNING: toctree contains reference to nonexisting document 'mdl.eyetracking.run.sample'
b'<partial node>':: WARNING: toctree contains reference to nonexisting document 'mdl.eyetracking.run.send_message'
b'<partial node>':: WARNING: toctree contains reference to nonexisting document 'mdl.eyetracking.run.send_variable'
b'<partial node>':: WARNING: toctree contains reference to nonexisting document 'mdl.eyetracking.run.set_eye_used'
b'<partial node>':: WARNING: toctree contains reference to nonexisting document 'mdl.eyetracking.run.start_recording'
b'<partial node>':: WARNING: toctree contains reference to nonexisting document 'mdl.eyetracking.run.stop_recording'
b'<partial node>':: WARNING: toctree contains reference to nonexisting document 'alert_printf'
b'<partial node>':: WARNING: toctree contains reference to nonexisting document 'draw_cross_hair'
b'<partial node>':: WARNING: toctree contains reference to nonexisting document 'draw_image_line'
b'<partial node>':: WARNING: toctree contains reference to nonexisting document 'draw_line'
b'<partial node>':: WARNING: toctree contains reference to nonexisting document 'erase_cal_target'
b'<partial node>':: WARNING: toctree contains reference to nonexisting document 'exit_image_display'
b'<partial node>':: WARNING: toctree contains reference to nonexisting document 'getColorFromIndex'
b'<partial node>':: WARNING: toctree contains reference to nonexisting document 'get_input_key'
b'<partial node>':: WARNING: toctree contains reference to nonexisting document 'get_mouse_state'
b'<partial node>':: WARNING: toctree contains reference to nonexisting document 'play_beep'
b'<partial node>':: WARNING: toctree contains reference to nonexisting document 'set_image_palette'
b'<partial node>':: WARNING: toctree contains reference to nonexisting document 'setup_image_display'
b'<partial node>':: WARNING: toctree contains reference to nonexisting document 'mdl.eyetracking.calibration.calibration.alert_printf'
b'<partial node>':: WARNING: toctree contains reference to nonexisting document 'mdl.eyetracking.calibration.calibration.draw_cross_hair'
b'<partial node>':: WARNING: toctree contains reference to nonexisting document 'mdl.eyetracking.calibration.calibration.draw_image_line'
b'<partial node>':: WARNING: toctree contains reference to nonexisting document 'mdl.eyetracking.calibration.calibration.draw_line'
b'<partial node>':: WARNING: toctree contains reference to nonexisting document 'mdl.eyetracking.calibration.calibration.erase_cal_target'
b'<partial node>':: WARNING: toctree contains reference to nonexisting document 'mdl.eyetracking.calibration.calibration.exit_image_display'
b'<partial node>':: WARNING: toctree contains reference to nonexisting document 'mdl.eyetracking.calibration.calibration.getColorFromIndex'
b'<partial node>':: WARNING: toctree contains reference to nonexisting document 'mdl.eyetracking.calibration.calibration.get_input_key'
b'<partial node>':: WARNING: toctree contains reference to nonexisting document 'mdl.eyetracking.calibration.calibration.get_mouse_state'
b'<partial node>':: WARNING: toctree contains reference to nonexisting document 'mdl.eyetracking.calibration.calibration.play_beep'
b'<partial node>':: WARNING: toctree contains reference to nonexisting document 'mdl.eyetracking.calibration.calibration.set_image_palette'
b'<partial node>':: WARNING: toctree contains reference to nonexisting document 'mdl.eyetracking.calibration.calibration.setup_image_display'
generating indices... genindexWARNING: toctree contains reference to nonexisting document 'mdl.eyetracking.run.calibration'
WARNING: toctree contains reference to nonexisting document 'mdl.eyetracking.run.connect'
WARNING: toctree contains reference to nonexisting document 'mdl.eyetracking.run.console'
WARNING: toctree contains reference to nonexisting document 'mdl.eyetracking.run.drift_correction'
WARNING: toctree contains reference to nonexisting document 'mdl.eyetracking.run.finish_recording'
WARNING: toctree contains reference to nonexisting document 'mdl.eyetracking.run.gc'
WARNING: toctree contains reference to nonexisting document 'mdl.eyetracking.run.library'
WARNING: toctree contains reference to nonexisting document 'mdl.eyetracking.run.sample'
WARNING: toctree contains reference to nonexisting document 'mdl.eyetracking.run.send_message'
WARNING: toctree contains reference to nonexisting document 'mdl.eyetracking.run.send_variable'
WARNING: toctree contains reference to nonexisting document 'mdl.eyetracking.run.set_eye_used'
WARNING: toctree contains reference to nonexisting document 'mdl.eyetracking.run.start_recording'
WARNING: toctree contains reference to nonexisting document 'mdl.eyetracking.run.stop_recording'
WARNING: toctree contains reference to nonexisting document 'alert_printf'
WARNING: toctree contains reference to nonexisting document 'draw_cross_hair'
WARNING: toctree contains reference to nonexisting document 'draw_image_line'
WARNING: toctree contains reference to nonexisting document 'draw_line'
WARNING: toctree contains reference to nonexisting document 'erase_cal_target'
WARNING: toctree contains reference to nonexisting document 'exit_image_display'
WARNING: toctree contains reference to nonexisting document 'getColorFromIndex'
WARNING: toctree contains reference to nonexisting document 'get_input_key'
WARNING: toctree contains reference to nonexisting document 'get_mouse_state'
WARNING: toctree contains reference to nonexisting document 'play_beep'
WARNING: toctree contains reference to nonexisting document 'set_image_palette'
WARNING: toctree contains reference to nonexisting document 'setup_image_display'
WARNING: toctree contains reference to nonexisting document 'mdl.eyetracking.calibration.calibration.alert_printf'
WARNING: toctree contains reference to nonexisting document 'mdl.eyetracking.calibration.calibration.draw_cross_hair'
WARNING: toctree contains reference to nonexisting document 'mdl.eyetracking.calibration.calibration.draw_image_line'
WARNING: toctree contains reference to nonexisting document 'mdl.eyetracking.calibration.calibration.draw_line'
WARNING: toctree contains reference to nonexisting document 'mdl.eyetracking.calibration.calibration.erase_cal_target'
WARNING: toctree contains reference to nonexisting document 'mdl.eyetracking.calibration.calibration.exit_image_display'
WARNING: toctree contains reference to nonexisting document 'mdl.eyetracking.calibration.calibration.getColorFromIndex'
WARNING: toctree contains reference to nonexisting document 'mdl.eyetracking.calibration.calibration.get_input_key'
WARNING: toctree contains reference to nonexisting document 'mdl.eyetracking.calibration.calibration.get_mouse_state'
WARNING: toctree contains reference to nonexisting document 'mdl.eyetracking.calibration.calibration.play_beep'
WARNING: toctree contains reference to nonexisting document 'mdl.eyetracking.calibration.calibration.set_image_palette'
WARNING: toctree contains reference to nonexisting document 'mdl.eyetracking.calibration.calibration.setup_image_display'
 py-modindexWARNING: toctree contains reference to nonexisting document 'mdl.eyetracking.run.calibration'
WARNING: toctree contains reference to nonexisting document 'mdl.eyetracking.run.connect'
WARNING: toctree contains reference to nonexisting document 'mdl.eyetracking.run.console'
WARNING: toctree contains reference to nonexisting document 'mdl.eyetracking.run.drift_correction'
WARNING: toctree contains reference to nonexisting document 'mdl.eyetracking.run.finish_recording'
WARNING: toctree contains reference to nonexisting document 'mdl.eyetracking.run.gc'
WARNING: toctree contains reference to nonexisting document 'mdl.eyetracking.run.library'
WARNING: toctree contains reference to nonexisting document 'mdl.eyetracking.run.sample'
WARNING: toctree contains reference to nonexisting document 'mdl.eyetracking.run.send_message'
WARNING: toctree contains reference to nonexisting document 'mdl.eyetracking.run.send_variable'
WARNING: toctree contains reference to nonexisting document 'mdl.eyetracking.run.set_eye_used'
WARNING: toctree contains reference to nonexisting document 'mdl.eyetracking.run.start_recording'
WARNING: toctree contains reference to nonexisting document 'mdl.eyetracking.run.stop_recording'
WARNING: toctree contains reference to nonexisting document 'alert_printf'
WARNING: toctree contains reference to nonexisting document 'draw_cross_hair'
WARNING: toctree contains reference to nonexisting document 'draw_image_line'
WARNING: toctree contains reference to nonexisting document 'draw_line'
WARNING: toctree contains reference to nonexisting document 'erase_cal_target'
WARNING: toctree contains reference to nonexisting document 'exit_image_display'
WARNING: toctree contains reference to nonexisting document 'getColorFromIndex'
WARNING: toctree contains reference to nonexisting document 'get_input_key'
WARNING: toctree contains reference to nonexisting document 'get_mouse_state'
WARNING: toctree contains reference to nonexisting document 'play_beep'
WARNING: toctree contains reference to nonexisting document 'set_image_palette'
WARNING: toctree contains reference to nonexisting document 'setup_image_display'
WARNING: toctree contains reference to nonexisting document 'mdl.eyetracking.calibration.calibration.alert_printf'
WARNING: toctree contains reference to nonexisting document 'mdl.eyetracking.calibration.calibration.draw_cross_hair'
WARNING: toctree contains reference to nonexisting document 'mdl.eyetracking.calibration.calibration.draw_image_line'
WARNING: toctree contains reference to nonexisting document 'mdl.eyetracking.calibration.calibration.draw_line'
WARNING: toctree contains reference to nonexisting document 'mdl.eyetracking.calibration.calibration.erase_cal_target'
WARNING: toctree contains reference to nonexisting document 'mdl.eyetracking.calibration.calibration.exit_image_display'
WARNING: toctree contains reference to nonexisting document 'mdl.eyetracking.calibration.calibration.getColorFromIndex'
WARNING: toctree contains reference to nonexisting document 'mdl.eyetracking.calibration.calibration.get_input_key'
WARNING: toctree contains reference to nonexisting document 'mdl.eyetracking.calibration.calibration.get_mouse_state'
WARNING: toctree contains reference to nonexisting document 'mdl.eyetracking.calibration.calibration.play_beep'
WARNING: toctree contains reference to nonexisting document 'mdl.eyetracking.calibration.calibration.set_image_palette'
WARNING: toctree contains reference to nonexisting document 'mdl.eyetracking.calibration.calibration.setup_image_display'

highlighting module code... [ 50%] mdl.eyetracking.calibration                 WARNING: toctree contains reference to nonexisting document 'mdl.eyetracking.run.calibration'
WARNING: toctree contains reference to nonexisting document 'mdl.eyetracking.run.connect'
WARNING: toctree contains reference to nonexisting document 'mdl.eyetracking.run.console'
WARNING: toctree contains reference to nonexisting document 'mdl.eyetracking.run.drift_correction'
WARNING: toctree contains reference to nonexisting document 'mdl.eyetracking.run.finish_recording'
WARNING: toctree contains reference to nonexisting document 'mdl.eyetracking.run.gc'
WARNING: toctree contains reference to nonexisting document 'mdl.eyetracking.run.library'
WARNING: toctree contains reference to nonexisting document 'mdl.eyetracking.run.sample'
WARNING: toctree contains reference to nonexisting document 'mdl.eyetracking.run.send_message'
WARNING: toctree contains reference to nonexisting document 'mdl.eyetracking.run.send_variable'
WARNING: toctree contains reference to nonexisting document 'mdl.eyetracking.run.set_eye_used'
WARNING: toctree contains reference to nonexisting document 'mdl.eyetracking.run.start_recording'
WARNING: toctree contains reference to nonexisting document 'mdl.eyetracking.run.stop_recording'
WARNING: toctree contains reference to nonexisting document 'alert_printf'
WARNING: toctree contains reference to nonexisting document 'draw_cross_hair'
WARNING: toctree contains reference to nonexisting document 'draw_image_line'
WARNING: toctree contains reference to nonexisting document 'draw_line'
WARNING: toctree contains reference to nonexisting document 'erase_cal_target'
WARNING: toctree contains reference to nonexisting document 'exit_image_display'
WARNING: toctree contains reference to nonexisting document 'getColorFromIndex'
WARNING: toctree contains reference to nonexisting document 'get_input_key'
WARNING: toctree contains reference to nonexisting document 'get_mouse_state'
WARNING: toctree contains reference to nonexisting document 'play_beep'
WARNING: toctree contains reference to nonexisting document 'set_image_palette'
WARNING: toctree contains reference to nonexisting document 'setup_image_display'
WARNING: toctree contains reference to nonexisting document 'mdl.eyetracking.calibration.calibration.alert_printf'
WARNING: toctree contains reference to nonexisting document 'mdl.eyetracking.calibration.calibration.draw_cross_hair'
WARNING: toctree contains reference to nonexisting document 'mdl.eyetracking.calibration.calibration.draw_image_line'
WARNING: toctree contains reference to nonexisting document 'mdl.eyetracking.calibration.calibration.draw_line'
WARNING: toctree contains reference to nonexisting document 'mdl.eyetracking.calibration.calibration.erase_cal_target'
WARNING: toctree contains reference to nonexisting document 'mdl.eyetracking.calibration.calibration.exit_image_display'
WARNING: toctree contains reference to nonexisting document 'mdl.eyetracking.calibration.calibration.getColorFromIndex'
WARNING: toctree contains reference to nonexisting document 'mdl.eyetracking.calibration.calibration.get_input_key'
WARNING: toctree contains reference to nonexisting document 'mdl.eyetracking.calibration.calibration.get_mouse_state'
WARNING: toctree contains reference to nonexisting document 'mdl.eyetracking.calibration.calibration.play_beep'
WARNING: toctree contains reference to nonexisting document 'mdl.eyetracking.calibration.calibration.set_image_palette'
WARNING: toctree contains reference to nonexisting document 'mdl.eyetracking.calibration.calibration.setup_image_display'
highlighting module code... [100%] mdl.eyetracking.eyetracking                 WARNING: toctree contains reference to nonexisting document 'mdl.eyetracking.run.calibration'
WARNING: toctree contains reference to nonexisting document 'mdl.eyetracking.run.connect'
WARNING: toctree contains reference to nonexisting document 'mdl.eyetracking.run.console'
WARNING: toctree contains reference to nonexisting document 'mdl.eyetracking.run.drift_correction'
WARNING: toctree contains reference to nonexisting document 'mdl.eyetracking.run.finish_recording'
WARNING: toctree contains reference to nonexisting document 'mdl.eyetracking.run.gc'
WARNING: toctree contains reference to nonexisting document 'mdl.eyetracking.run.library'
WARNING: toctree contains reference to nonexisting document 'mdl.eyetracking.run.sample'
WARNING: toctree contains reference to nonexisting document 'mdl.eyetracking.run.send_message'
WARNING: toctree contains reference to nonexisting document 'mdl.eyetracking.run.send_variable'
WARNING: toctree contains reference to nonexisting document 'mdl.eyetracking.run.set_eye_used'
WARNING: toctree contains reference to nonexisting document 'mdl.eyetracking.run.start_recording'
WARNING: toctree contains reference to nonexisting document 'mdl.eyetracking.run.stop_recording'
WARNING: toctree contains reference to nonexisting document 'alert_printf'
WARNING: toctree contains reference to nonexisting document 'draw_cross_hair'
WARNING: toctree contains reference to nonexisting document 'draw_image_line'
WARNING: toctree contains reference to nonexisting document 'draw_line'
WARNING: toctree contains reference to nonexisting document 'erase_cal_target'
WARNING: toctree contains reference to nonexisting document 'exit_image_display'
WARNING: toctree contains reference to nonexisting document 'getColorFromIndex'
WARNING: toctree contains reference to nonexisting document 'get_input_key'
WARNING: toctree contains reference to nonexisting document 'get_mouse_state'
WARNING: toctree contains reference to nonexisting document 'play_beep'
WARNING: toctree contains reference to nonexisting document 'set_image_palette'
WARNING: toctree contains reference to nonexisting document 'setup_image_display'
WARNING: toctree contains reference to nonexisting document 'mdl.eyetracking.calibration.calibration.alert_printf'
WARNING: toctree contains reference to nonexisting document 'mdl.eyetracking.calibration.calibration.draw_cross_hair'
WARNING: toctree contains reference to nonexisting document 'mdl.eyetracking.calibration.calibration.draw_image_line'
WARNING: toctree contains reference to nonexisting document 'mdl.eyetracking.calibration.calibration.draw_line'
WARNING: toctree contains reference to nonexisting document 'mdl.eyetracking.calibration.calibration.erase_cal_target'
WARNING: toctree contains reference to nonexisting document 'mdl.eyetracking.calibration.calibration.exit_image_display'
WARNING: toctree contains reference to nonexisting document 'mdl.eyetracking.calibration.calibration.getColorFromIndex'
WARNING: toctree contains reference to nonexisting document 'mdl.eyetracking.calibration.calibration.get_input_key'
WARNING: toctree contains reference to nonexisting document 'mdl.eyetracking.calibration.calibration.get_mouse_state'
WARNING: toctree contains reference to nonexisting document 'mdl.eyetracking.calibration.calibration.play_beep'
WARNING: toctree contains reference to nonexisting document 'mdl.eyetracking.calibration.calibration.set_image_palette'
WARNING: toctree contains reference to nonexisting document 'mdl.eyetracking.calibration.calibration.setup_image_display'

WARNING: toctree contains reference to nonexisting document 'mdl.eyetracking.run.calibration'
WARNING: toctree contains reference to nonexisting document 'mdl.eyetracking.run.connect'
WARNING: toctree contains reference to nonexisting document 'mdl.eyetracking.run.console'
WARNING: toctree contains reference to nonexisting document 'mdl.eyetracking.run.drift_correction'
WARNING: toctree contains reference to nonexisting document 'mdl.eyetracking.run.finish_recording'
WARNING: toctree contains reference to nonexisting document 'mdl.eyetracking.run.gc'
WARNING: toctree contains reference to nonexisting document 'mdl.eyetracking.run.library'
WARNING: toctree contains reference to nonexisting document 'mdl.eyetracking.run.sample'
WARNING: toctree contains reference to nonexisting document 'mdl.eyetracking.run.send_message'
WARNING: toctree contains reference to nonexisting document 'mdl.eyetracking.run.send_variable'
WARNING: toctree contains reference to nonexisting document 'mdl.eyetracking.run.set_eye_used'
WARNING: toctree contains reference to nonexisting document 'mdl.eyetracking.run.start_recording'
WARNING: toctree contains reference to nonexisting document 'mdl.eyetracking.run.stop_recording'
WARNING: toctree contains reference to nonexisting document 'alert_printf'
WARNING: toctree contains reference to nonexisting document 'draw_cross_hair'
WARNING: toctree contains reference to nonexisting document 'draw_image_line'
WARNING: toctree contains reference to nonexisting document 'draw_line'
WARNING: toctree contains reference to nonexisting document 'erase_cal_target'
WARNING: toctree contains reference to nonexisting document 'exit_image_display'
WARNING: toctree contains reference to nonexisting document 'getColorFromIndex'
WARNING: toctree contains reference to nonexisting document 'get_input_key'
WARNING: toctree contains reference to nonexisting document 'get_mouse_state'
WARNING: toctree contains reference to nonexisting document 'play_beep'
WARNING: toctree contains reference to nonexisting document 'set_image_palette'
WARNING: toctree contains reference to nonexisting document 'setup_image_display'
WARNING: toctree contains reference to nonexisting document 'mdl.eyetracking.calibration.calibration.alert_printf'
WARNING: toctree contains reference to nonexisting document 'mdl.eyetracking.calibration.calibration.draw_cross_hair'
WARNING: toctree contains reference to nonexisting document 'mdl.eyetracking.calibration.calibration.draw_image_line'
WARNING: toctree contains reference to nonexisting document 'mdl.eyetracking.calibration.calibration.draw_line'
WARNING: toctree contains reference to nonexisting document 'mdl.eyetracking.calibration.calibration.erase_cal_target'
WARNING: toctree contains reference to nonexisting document 'mdl.eyetracking.calibration.calibration.exit_image_display'
WARNING: toctree contains reference to nonexisting document 'mdl.eyetracking.calibration.calibration.getColorFromIndex'
WARNING: toctree contains reference to nonexisting document 'mdl.eyetracking.calibration.calibration.get_input_key'
WARNING: toctree contains reference to nonexisting document 'mdl.eyetracking.calibration.calibration.get_mouse_state'
WARNING: toctree contains reference to nonexisting document 'mdl.eyetracking.calibration.calibration.play_beep'
WARNING: toctree contains reference to nonexisting document 'mdl.eyetracking.calibration.calibration.set_image_palette'
WARNING: toctree contains reference to nonexisting document 'mdl.eyetracking.calibration.calibration.setup_image_display'
writing additional pages... searchWARNING: toctree contains reference to nonexisting document 'mdl.eyetracking.run.calibration'
WARNING: toctree contains reference to nonexisting document 'mdl.eyetracking.run.connect'
WARNING: toctree contains reference to nonexisting document 'mdl.eyetracking.run.console'
WARNING: toctree contains reference to nonexisting document 'mdl.eyetracking.run.drift_correction'
WARNING: toctree contains reference to nonexisting document 'mdl.eyetracking.run.finish_recording'
WARNING: toctree contains reference to nonexisting document 'mdl.eyetracking.run.gc'
WARNING: toctree contains reference to nonexisting document 'mdl.eyetracking.run.library'
WARNING: toctree contains reference to nonexisting document 'mdl.eyetracking.run.sample'
WARNING: toctree contains reference to nonexisting document 'mdl.eyetracking.run.send_message'
WARNING: toctree contains reference to nonexisting document 'mdl.eyetracking.run.send_variable'
WARNING: toctree contains reference to nonexisting document 'mdl.eyetracking.run.set_eye_used'
WARNING: toctree contains reference to nonexisting document 'mdl.eyetracking.run.start_recording'
WARNING: toctree contains reference to nonexisting document 'mdl.eyetracking.run.stop_recording'
WARNING: toctree contains reference to nonexisting document 'alert_printf'
WARNING: toctree contains reference to nonexisting document 'draw_cross_hair'
WARNING: toctree contains reference to nonexisting document 'draw_image_line'
WARNING: toctree contains reference to nonexisting document 'draw_line'
WARNING: toctree contains reference to nonexisting document 'erase_cal_target'
WARNING: toctree contains reference to nonexisting document 'exit_image_display'
WARNING: toctree contains reference to nonexisting document 'getColorFromIndex'
WARNING: toctree contains reference to nonexisting document 'get_input_key'
WARNING: toctree contains reference to nonexisting document 'get_mouse_state'
WARNING: toctree contains reference to nonexisting document 'play_beep'
WARNING: toctree contains reference to nonexisting document 'set_image_palette'
WARNING: toctree contains reference to nonexisting document 'setup_image_display'
WARNING: toctree contains reference to nonexisting document 'mdl.eyetracking.calibration.calibration.alert_printf'
WARNING: toctree contains reference to nonexisting document 'mdl.eyetracking.calibration.calibration.draw_cross_hair'
WARNING: toctree contains reference to nonexisting document 'mdl.eyetracking.calibration.calibration.draw_image_line'
WARNING: toctree contains reference to nonexisting document 'mdl.eyetracking.calibration.calibration.draw_line'
WARNING: toctree contains reference to nonexisting document 'mdl.eyetracking.calibration.calibration.erase_cal_target'
WARNING: toctree contains reference to nonexisting document 'mdl.eyetracking.calibration.calibration.exit_image_display'
WARNING: toctree contains reference to nonexisting document 'mdl.eyetracking.calibration.calibration.getColorFromIndex'
WARNING: toctree contains reference to nonexisting document 'mdl.eyetracking.calibration.calibration.get_input_key'
WARNING: toctree contains reference to nonexisting document 'mdl.eyetracking.calibration.calibration.get_mouse_state'
WARNING: toctree contains reference to nonexisting document 'mdl.eyetracking.calibration.calibration.play_beep'
WARNING: toctree contains reference to nonexisting document 'mdl.eyetracking.calibration.calibration.set_image_palette'
WARNING: toctree contains reference to nonexisting document 'mdl.eyetracking.calibration.calibration.setup_image_display'

copying static files... done
copying extra files... done
dumping search index in English (code: en) ... done
dumping object inventory... done
build succeeded, 539 warnings.

The HTML pages are in build.
0.5418 	WARNING 	sounddevice audio lib was requested but not loaded: sounddevice not working
0.5429 	WARNING 	pyo audio lib was requested but not loaded: ModuleNotFoundError("No module named 'pyo'",)
